{
  "stats": {
    "suites": 1,
    "tests": 2,
    "passes": 1,
    "pending": 0,
    "failures": 1,
    "start": "2023-05-02T10:15:24.687Z",
    "end": "2023-05-02T10:16:01.799Z",
    "duration": 37112,
    "testsRegistered": 2,
    "passPercent": 50,
    "pendingPercent": 0,
    "other": 0,
    "hasOther": false,
    "skipped": 0,
    "hasSkipped": false
  },
  "results": [
    {
      "uuid": "699a8bfb-cd80-4c45-be45-ca89eaac624c",
      "title": "",
      "fullFile": "cypress/e2e/BO-Dama.cy.js",
      "file": "cypress/e2e/BO-Dama.cy.js",
      "beforeHooks": [],
      "afterHooks": [],
      "tests": [],
      "suites": [
        {
          "uuid": "859e32e0-68fc-477f-a138-05f099d113a7",
          "title": "dama-BO",
          "fullFile": "",
          "file": "",
          "beforeHooks": [],
          "afterHooks": [],
          "tests": [
            {
              "title": "BO-A2A transaction",
              "fullTitle": "dama-BO BO-A2A transaction",
              "timedOut": null,
              "duration": 21905,
              "state": "passed",
              "speed": "slow",
              "pass": true,
              "fail": false,
              "pending": false,
              "context": "{\n  \"title\": \"cypress-mochawesome-reporter-videos\",\n  \"value\": \"cypress/e2e/BO-Dama.cy.js\"\n}",
              "code": "_A2Atransfer.default.A2Atransfermethod();",
              "err": {},
              "uuid": "f711f372-ac77-4ce7-8d34-979810718661",
              "parentUUID": "859e32e0-68fc-477f-a138-05f099d113a7",
              "isHook": false,
              "skipped": false
            },
            {
              "title": "BO-A2A transaction approve",
              "fullTitle": "dama-BO BO-A2A transaction approve",
              "timedOut": null,
              "duration": 11545,
              "state": "failed",
              "speed": null,
              "pass": false,
              "fail": true,
              "pending": false,
              "context": "[\n  {\n    \"title\": \"cypress-mochawesome-reporter-videos\",\n    \"value\": \"cypress/e2e/BO-Dama.cy.js\"\n  },\n  {\n    \"title\": \"cypress-mochawesome-reporter-screenshots\",\n    \"value\": [\n      [\n        {\n          \"title\": \"Failed screenshot\",\n          \"value\": \"/BO-Dama.cy.js/dama-BO -- BO-A2A transaction approve (failed).png\"\n        }\n      ]\n    ]\n  }\n]",
              "code": "_login.default.approverlogin();\n_A2Atransfer.default.A2Atransferapprovemethod1();",
              "err": {
                "message": "TypeError: _A2Atransfer.default.A2Atransferapprovemethod1 is not a function",
                "estack": "TypeError: _A2Atransfer.default.A2Atransferapprovemethod1 is not a function\n    at Context.eval (webpack:///./cypress/e2e/BO-Dama.cy.js:35:21)",
                "diff": null
              },
              "uuid": "28a6cac5-b20a-4e5c-91b0-ad40ed286a4c",
              "parentUUID": "859e32e0-68fc-477f-a138-05f099d113a7",
              "isHook": false,
              "skipped": false
            }
          ],
          "suites": [],
          "passes": [
            "f711f372-ac77-4ce7-8d34-979810718661"
          ],
          "failures": [
            "28a6cac5-b20a-4e5c-91b0-ad40ed286a4c"
          ],
          "pending": [],
          "skipped": [],
          "duration": 33450,
          "root": false,
          "rootEmpty": false,
          "_timeout": 2000
        }
      ],
      "passes": [],
      "failures": [],
      "pending": [],
      "skipped": [],
      "duration": 0,
      "root": true,
      "rootEmpty": true,
      "_timeout": 2000
    }
  ],
  "meta": {
    "mocha": {
      "version": "7.0.1"
    },
    "mochawesome": {
      "options": {
        "quiet": false,
        "reportFilename": "mochawesome",
        "saveHtml": true,
        "saveJson": true,
        "consoleReporter": "spec",
        "useInlineDiffs": false,
        "code": true
      },
      "version": "7.1.3"
    },
    "marge": {
      "options": {
        "overwrite": false,
        "html": true,
        "json": true,
        "video": true,
        "screenshotOnRunFailure": true,
        "screenshotsFolder": "TestReport/assets"
      },
      "version": "6.2.0"
    }
  }
}