{
  "stats": {
    "suites": 1,
    "tests": 1,
    "passes": 1,
    "pending": 0,
    "failures": 0,
    "start": "2023-04-06T17:43:51.058Z",
    "end": "2023-04-06T17:44:15.043Z",
    "duration": 23985,
    "testsRegistered": 1,
    "passPercent": 100,
    "pendingPercent": 0,
    "other": 0,
    "hasOther": false,
    "skipped": 0,
    "hasSkipped": false
  },
  "results": [
    {
      "uuid": "781a1f55-6adb-4a39-ac69-3fb202cc91fb",
      "title": "",
      "fullFile": "cypress/e2e/BO-Dama.cy.js",
      "file": "cypress/e2e/BO-Dama.cy.js",
      "beforeHooks": [],
      "afterHooks": [],
      "tests": [],
      "suites": [
        {
          "uuid": "3fe2737e-58b0-41eb-a628-87af26725d97",
          "title": "dama-BO",
          "fullFile": "",
          "file": "",
          "beforeHooks": [],
          "afterHooks": [],
          "tests": [
            {
              "title": "BO-Credit Adjustment create",
              "fullTitle": "dama-BO BO-Credit Adjustment create",
              "timedOut": null,
              "duration": 20881,
              "state": "passed",
              "speed": "slow",
              "pass": true,
              "fail": false,
              "pending": false,
              "context": null,
              "code": "_Adjustment.default.adjustmentmethod();",
              "err": {},
              "uuid": "b6439b02-448f-4eef-a645-90499441f9af",
              "parentUUID": "3fe2737e-58b0-41eb-a628-87af26725d97",
              "isHook": false,
              "skipped": false
            }
          ],
          "suites": [],
          "passes": [
            "b6439b02-448f-4eef-a645-90499441f9af"
          ],
          "failures": [],
          "pending": [],
          "skipped": [],
          "duration": 20881,
          "root": false,
          "rootEmpty": false,
          "_timeout": 2000
        }
      ],
      "passes": [],
      "failures": [],
      "pending": [],
      "skipped": [],
      "duration": 0,
      "root": true,
      "rootEmpty": true,
      "_timeout": 2000
    }
  ],
  "meta": {
    "mocha": {
      "version": "7.0.1"
    },
    "mochawesome": {
      "options": {
        "quiet": false,
        "reportFilename": "mochawesome",
        "saveHtml": true,
        "saveJson": true,
        "consoleReporter": "spec",
        "useInlineDiffs": false,
        "code": true
      },
      "version": "7.1.3"
    },
    "marge": {
      "options": null,
      "version": "6.2.0"
    }
  }
}